{"C:\\Users\\48792\\Desktop\\zadanie TS\\klasy\\src\\counter.ts": {"path":"C:\\Users\\48792\\Desktop\\zadanie TS\\klasy\\src\\counter.ts","all":true,"statementMap":{"0":{"start":{"line":1,"column":0},"end":{"line":1,"column":58}},"1":{"start":{"line":2,"column":0},"end":{"line":2,"column":17}},"2":{"start":{"line":3,"column":0},"end":{"line":3,"column":41}},"3":{"start":{"line":4,"column":0},"end":{"line":4,"column":19}},"4":{"start":{"line":5,"column":0},"end":{"line":5,"column":45}},"5":{"start":{"line":6,"column":0},"end":{"line":6,"column":3}},"6":{"start":{"line":7,"column":0},"end":{"line":7,"column":66}},"7":{"start":{"line":8,"column":0},"end":{"line":8,"column":15}},"8":{"start":{"line":9,"column":0},"end":{"line":9,"column":1}}},"s":{"0":0,"1":0,"2":0,"3":0,"4":0,"5":0,"6":0,"7":0,"8":0},"branchMap":{"0":{"type":"branch","line":1,"loc":{"start":{"line":1,"column":0},"end":{"line":9,"column":1}},"locations":[{"start":{"line":1,"column":0},"end":{"line":9,"column":1}}]}},"b":{"0":[0]},"fnMap":{"0":{"name":"(empty-report)","decl":{"start":{"line":1,"column":0},"end":{"line":9,"column":1}},"loc":{"start":{"line":1,"column":0},"end":{"line":9,"column":1}},"line":1}},"f":{"0":0}}
,"C:\\Users\\48792\\Desktop\\zadanie TS\\klasy\\src\\hungerLevel, isLll enums.ts": {"path":"C:\\Users\\48792\\Desktop\\zadanie TS\\klasy\\src\\hungerLevel, isLll enums.ts","all":false,"statementMap":{"0":{"start":{"line":1,"column":0},"end":{"line":1,"column":18}},"1":{"start":{"line":2,"column":0},"end":{"line":2,"column":13}},"2":{"start":{"line":3,"column":0},"end":{"line":3,"column":15}},"3":{"start":{"line":4,"column":0},"end":{"line":4,"column":16}},"4":{"start":{"line":5,"column":0},"end":{"line":5,"column":15}},"5":{"start":{"line":6,"column":0},"end":{"line":6,"column":1}},"6":{"start":{"line":7,"column":0},"end":{"line":7,"column":0}},"7":{"start":{"line":8,"column":0},"end":{"line":8,"column":54}},"8":{"start":{"line":9,"column":0},"end":{"line":9,"column":0}},"9":{"start":{"line":10,"column":0},"end":{"line":10,"column":19}},"10":{"start":{"line":11,"column":0},"end":{"line":11,"column":13}},"11":{"start":{"line":12,"column":0},"end":{"line":12,"column":11}},"12":{"start":{"line":13,"column":0},"end":{"line":13,"column":1}},"13":{"start":{"line":14,"column":0},"end":{"line":14,"column":0}},"14":{"start":{"line":15,"column":0},"end":{"line":15,"column":42}}},"s":{"0":3,"1":1,"2":1,"3":1,"4":1,"5":1,"6":1,"7":1,"8":1,"9":1,"10":1,"11":1,"12":1,"13":1,"14":1},"branchMap":{"0":{"type":"branch","line":1,"loc":{"start":{"line":1,"column":0},"end":{"line":1,"column":18}},"locations":[{"start":{"line":1,"column":0},"end":{"line":1,"column":18}}]},"1":{"type":"branch","line":10,"loc":{"start":{"line":10,"column":7},"end":{"line":10,"column":19}},"locations":[{"start":{"line":10,"column":7},"end":{"line":10,"column":19}}]}},"b":{"0":[3],"1":[3]},"fnMap":{},"f":{}}
,"C:\\Users\\48792\\Desktop\\zadanie TS\\klasy\\src\\aquarium\\aquarium.ts": {"path":"C:\\Users\\48792\\Desktop\\zadanie TS\\klasy\\src\\aquarium\\aquarium.ts","all":false,"statementMap":{"0":{"start":{"line":1,"column":0},"end":{"line":1,"column":36}},"1":{"start":{"line":2,"column":0},"end":{"line":2,"column":42}},"2":{"start":{"line":3,"column":0},"end":{"line":3,"column":39}},"3":{"start":{"line":4,"column":0},"end":{"line":4,"column":78}},"4":{"start":{"line":5,"column":0},"end":{"line":5,"column":52}},"5":{"start":{"line":6,"column":0},"end":{"line":6,"column":0}},"6":{"start":{"line":7,"column":0},"end":{"line":7,"column":23}},"7":{"start":{"line":8,"column":0},"end":{"line":8,"column":21}},"8":{"start":{"line":9,"column":0},"end":{"line":9,"column":23}},"9":{"start":{"line":10,"column":0},"end":{"line":10,"column":0}},"10":{"start":{"line":11,"column":0},"end":{"line":11,"column":49}},"11":{"start":{"line":12,"column":0},"end":{"line":12,"column":55}},"12":{"start":{"line":13,"column":0},"end":{"line":13,"column":2}},"13":{"start":{"line":14,"column":0},"end":{"line":14,"column":0}},"14":{"start":{"line":15,"column":0},"end":{"line":15,"column":9}},"15":{"start":{"line":16,"column":0},"end":{"line":16,"column":33}},"16":{"start":{"line":17,"column":0},"end":{"line":17,"column":37}},"17":{"start":{"line":18,"column":0},"end":{"line":18,"column":5}},"18":{"start":{"line":19,"column":0},"end":{"line":19,"column":2}},"19":{"start":{"line":20,"column":0},"end":{"line":20,"column":0}},"20":{"start":{"line":21,"column":0},"end":{"line":21,"column":17}},"21":{"start":{"line":22,"column":0},"end":{"line":22,"column":35}},"22":{"start":{"line":23,"column":0},"end":{"line":23,"column":53}},"23":{"start":{"line":24,"column":0},"end":{"line":24,"column":4}},"24":{"start":{"line":25,"column":0},"end":{"line":25,"column":2}},"25":{"start":{"line":26,"column":0},"end":{"line":26,"column":0}},"26":{"start":{"line":27,"column":0},"end":{"line":27,"column":14}},"27":{"start":{"line":28,"column":0},"end":{"line":28,"column":62}},"28":{"start":{"line":29,"column":0},"end":{"line":29,"column":2}},"29":{"start":{"line":30,"column":0},"end":{"line":30,"column":0}},"30":{"start":{"line":31,"column":0},"end":{"line":31,"column":31}},"31":{"start":{"line":32,"column":0},"end":{"line":32,"column":34}},"32":{"start":{"line":33,"column":0},"end":{"line":33,"column":2}},"33":{"start":{"line":34,"column":0},"end":{"line":34,"column":0}},"34":{"start":{"line":35,"column":0},"end":{"line":35,"column":22}},"35":{"start":{"line":36,"column":0},"end":{"line":36,"column":25}},"36":{"start":{"line":37,"column":0},"end":{"line":37,"column":2}},"37":{"start":{"line":38,"column":0},"end":{"line":38,"column":0}},"38":{"start":{"line":39,"column":0},"end":{"line":39,"column":11}},"39":{"start":{"line":40,"column":0},"end":{"line":40,"column":36}},"40":{"start":{"line":41,"column":0},"end":{"line":41,"column":33}},"41":{"start":{"line":42,"column":0},"end":{"line":42,"column":27}},"42":{"start":{"line":43,"column":0},"end":{"line":43,"column":32}},"43":{"start":{"line":44,"column":0},"end":{"line":44,"column":26}},"44":{"start":{"line":45,"column":0},"end":{"line":45,"column":40}},"45":{"start":{"line":46,"column":0},"end":{"line":46,"column":30}},"46":{"start":{"line":47,"column":0},"end":{"line":47,"column":5}},"47":{"start":{"line":48,"column":0},"end":{"line":48,"column":4}},"48":{"start":{"line":49,"column":0},"end":{"line":49,"column":5}},"49":{"start":{"line":50,"column":0},"end":{"line":50,"column":2}},"50":{"start":{"line":51,"column":0},"end":{"line":51,"column":0}},"51":{"start":{"line":52,"column":0},"end":{"line":52,"column":9}},"52":{"start":{"line":53,"column":0},"end":{"line":53,"column":33}},"53":{"start":{"line":54,"column":0},"end":{"line":54,"column":28}},"54":{"start":{"line":55,"column":0},"end":{"line":55,"column":5}},"55":{"start":{"line":56,"column":0},"end":{"line":56,"column":2}},"56":{"start":{"line":57,"column":0},"end":{"line":57,"column":0}},"57":{"start":{"line":58,"column":0},"end":{"line":58,"column":71}},"58":{"start":{"line":59,"column":0},"end":{"line":59,"column":35}},"59":{"start":{"line":60,"column":0},"end":{"line":60,"column":74}},"60":{"start":{"line":61,"column":0},"end":{"line":61,"column":2}},"61":{"start":{"line":62,"column":0},"end":{"line":62,"column":1}}},"s":{"0":1,"1":1,"2":1,"3":1,"4":1,"5":1,"6":1,"7":13,"8":13,"9":13,"10":13,"11":13,"12":13,"13":13,"14":13,"15":1,"16":2,"17":1,"18":1,"19":13,"20":13,"21":1,"22":1,"23":1,"24":1,"25":13,"26":13,"27":1,"28":1,"29":13,"30":13,"31":1,"32":1,"33":13,"34":13,"35":5,"36":5,"37":13,"38":13,"39":1,"40":1,"41":4,"42":4,"43":1,"44":4,"45":1,"46":1,"47":4,"48":1,"49":1,"50":13,"51":13,"52":2,"53":5,"54":2,"55":2,"56":13,"57":13,"58":1,"59":1,"60":1,"61":13},"branchMap":{"0":{"type":"branch","line":7,"loc":{"start":{"line":7,"column":7},"end":{"line":62,"column":1}},"locations":[{"start":{"line":7,"column":7},"end":{"line":62,"column":1}}]},"1":{"type":"branch","line":11,"loc":{"start":{"line":11,"column":1},"end":{"line":13,"column":2}},"locations":[{"start":{"line":11,"column":1},"end":{"line":13,"column":2}}]},"2":{"type":"branch","line":15,"loc":{"start":{"line":15,"column":1},"end":{"line":19,"column":2}},"locations":[{"start":{"line":15,"column":1},"end":{"line":19,"column":2}}]},"3":{"type":"branch","line":16,"loc":{"start":{"line":16,"column":22},"end":{"line":18,"column":3}},"locations":[{"start":{"line":16,"column":22},"end":{"line":18,"column":3}}]},"4":{"type":"branch","line":21,"loc":{"start":{"line":21,"column":1},"end":{"line":25,"column":2}},"locations":[{"start":{"line":21,"column":1},"end":{"line":25,"column":2}}]},"5":{"type":"branch","line":22,"loc":{"start":{"line":22,"column":26},"end":{"line":23,"column":53}},"locations":[{"start":{"line":22,"column":26},"end":{"line":23,"column":53}}]},"6":{"type":"branch","line":27,"loc":{"start":{"line":27,"column":1},"end":{"line":29,"column":2}},"locations":[{"start":{"line":27,"column":1},"end":{"line":29,"column":2}}]},"7":{"type":"branch","line":28,"loc":{"start":{"line":28,"column":26},"end":{"line":28,"column":60}},"locations":[{"start":{"line":28,"column":26},"end":{"line":28,"column":60}}]},"8":{"type":"branch","line":31,"loc":{"start":{"line":31,"column":1},"end":{"line":33,"column":2}},"locations":[{"start":{"line":31,"column":1},"end":{"line":33,"column":2}}]},"9":{"type":"branch","line":35,"loc":{"start":{"line":35,"column":1},"end":{"line":37,"column":2}},"locations":[{"start":{"line":35,"column":1},"end":{"line":37,"column":2}}]},"10":{"type":"branch","line":39,"loc":{"start":{"line":39,"column":1},"end":{"line":50,"column":2}},"locations":[{"start":{"line":39,"column":1},"end":{"line":50,"column":2}}]},"11":{"type":"branch","line":41,"loc":{"start":{"line":41,"column":22},"end":{"line":49,"column":3}},"locations":[{"start":{"line":41,"column":22},"end":{"line":49,"column":3}}]},"12":{"type":"branch","line":43,"loc":{"start":{"line":43,"column":31},"end":{"line":45,"column":15}},"locations":[{"start":{"line":43,"column":31},"end":{"line":45,"column":15}}]},"13":{"type":"branch","line":45,"loc":{"start":{"line":45,"column":4},"end":{"line":47,"column":5}},"locations":[{"start":{"line":45,"column":4},"end":{"line":47,"column":5}}]},"14":{"type":"branch","line":45,"loc":{"start":{"line":45,"column":39},"end":{"line":47,"column":5}},"locations":[{"start":{"line":45,"column":39},"end":{"line":47,"column":5}}]},"15":{"type":"branch","line":52,"loc":{"start":{"line":52,"column":1},"end":{"line":56,"column":2}},"locations":[{"start":{"line":52,"column":1},"end":{"line":56,"column":2}}]},"16":{"type":"branch","line":53,"loc":{"start":{"line":53,"column":22},"end":{"line":55,"column":3}},"locations":[{"start":{"line":53,"column":22},"end":{"line":55,"column":3}}]},"17":{"type":"branch","line":58,"loc":{"start":{"line":58,"column":1},"end":{"line":61,"column":2}},"locations":[{"start":{"line":58,"column":1},"end":{"line":61,"column":2}}]},"18":{"type":"branch","line":60,"loc":{"start":{"line":60,"column":35},"end":{"line":60,"column":72}},"locations":[{"start":{"line":60,"column":35},"end":{"line":60,"column":72}}]}},"b":{"0":[13],"1":[13],"2":[1],"3":[2],"4":[1],"5":[1],"6":[1],"7":[1],"8":[1],"9":[5],"10":[1],"11":[4],"12":[1],"13":[3],"14":[1],"15":[2],"16":[5],"17":[1],"18":[3]},"fnMap":{"0":{"name":"<instance_members_initializer>","decl":{"start":{"line":7,"column":7},"end":{"line":62,"column":1}},"loc":{"start":{"line":7,"column":7},"end":{"line":62,"column":1}},"line":7},"1":{"name":"Aquarium","decl":{"start":{"line":11,"column":1},"end":{"line":13,"column":2}},"loc":{"start":{"line":11,"column":1},"end":{"line":13,"column":2}},"line":11},"2":{"name":"feed","decl":{"start":{"line":15,"column":1},"end":{"line":19,"column":2}},"loc":{"start":{"line":15,"column":1},"end":{"line":19,"column":2}},"line":15},"3":{"name":"isSomeHungry","decl":{"start":{"line":21,"column":1},"end":{"line":25,"column":2}},"loc":{"start":{"line":21,"column":1},"end":{"line":25,"column":2}},"line":21},"4":{"name":"isSomeIll","decl":{"start":{"line":27,"column":1},"end":{"line":29,"column":2}},"loc":{"start":{"line":27,"column":1},"end":{"line":29,"column":2}},"line":27},"5":{"name":"fill","decl":{"start":{"line":31,"column":1},"end":{"line":33,"column":2}},"loc":{"start":{"line":31,"column":1},"end":{"line":33,"column":2}},"line":31},"6":{"name":"addFish","decl":{"start":{"line":35,"column":1},"end":{"line":37,"column":2}},"loc":{"start":{"line":35,"column":1},"end":{"line":37,"column":2}},"line":35},"7":{"name":"action","decl":{"start":{"line":39,"column":1},"end":{"line":50,"column":2}},"loc":{"start":{"line":39,"column":1},"end":{"line":50,"column":2}},"line":39},"8":{"name":"info","decl":{"start":{"line":52,"column":1},"end":{"line":56,"column":2}},"loc":{"start":{"line":52,"column":1},"end":{"line":56,"column":2}},"line":52},"9":{"name":"sendToQuarantine","decl":{"start":{"line":58,"column":1},"end":{"line":61,"column":2}},"loc":{"start":{"line":58,"column":1},"end":{"line":61,"column":2}},"line":58}},"f":{"0":13,"1":13,"2":1,"3":1,"4":1,"5":1,"6":5,"7":1,"8":2,"9":1}}
,"C:\\Users\\48792\\Desktop\\zadanie TS\\klasy\\src\\aquariumQuarantine\\aquariumQuarantine.ts": {"path":"C:\\Users\\48792\\Desktop\\zadanie TS\\klasy\\src\\aquariumQuarantine\\aquariumQuarantine.ts","all":false,"statementMap":{"0":{"start":{"line":1,"column":0},"end":{"line":1,"column":36}},"1":{"start":{"line":2,"column":0},"end":{"line":2,"column":48}},"2":{"start":{"line":3,"column":0},"end":{"line":3,"column":0}},"3":{"start":{"line":4,"column":0},"end":{"line":4,"column":50}},"4":{"start":{"line":5,"column":0},"end":{"line":5,"column":55}},"5":{"start":{"line":6,"column":0},"end":{"line":6,"column":25}},"6":{"start":{"line":7,"column":0},"end":{"line":7,"column":66}},"7":{"start":{"line":8,"column":0},"end":{"line":8,"column":2}},"8":{"start":{"line":9,"column":0},"end":{"line":9,"column":1}}},"s":{"0":1,"1":1,"2":1,"3":1,"4":1,"5":1,"6":1,"7":1,"8":1},"branchMap":{"0":{"type":"branch","line":5,"loc":{"start":{"line":5,"column":1},"end":{"line":8,"column":2}},"locations":[{"start":{"line":5,"column":1},"end":{"line":8,"column":2}}]},"1":{"type":"branch","line":7,"loc":{"start":{"line":7,"column":35},"end":{"line":7,"column":64}},"locations":[{"start":{"line":7,"column":35},"end":{"line":7,"column":64}}]}},"b":{"0":[1],"1":[2]},"fnMap":{"0":{"name":"returnFromQuarantine","decl":{"start":{"line":5,"column":1},"end":{"line":8,"column":2}},"loc":{"start":{"line":5,"column":1},"end":{"line":8,"column":2}},"line":5}},"f":{"0":1}}
,"C:\\Users\\48792\\Desktop\\zadanie TS\\klasy\\src\\fisz\\fisz.ts": {"path":"C:\\Users\\48792\\Desktop\\zadanie TS\\klasy\\src\\fisz\\fisz.ts","all":false,"statementMap":{"0":{"start":{"line":1,"column":0},"end":{"line":1,"column":71}},"1":{"start":{"line":2,"column":0},"end":{"line":2,"column":0}},"2":{"start":{"line":3,"column":0},"end":{"line":3,"column":19}},"3":{"start":{"line":4,"column":0},"end":{"line":4,"column":13}},"4":{"start":{"line":5,"column":0},"end":{"line":5,"column":29}},"5":{"start":{"line":6,"column":0},"end":{"line":6,"column":17}},"6":{"start":{"line":7,"column":0},"end":{"line":7,"column":0}},"7":{"start":{"line":8,"column":0},"end":{"line":8,"column":73}},"8":{"start":{"line":9,"column":0},"end":{"line":9,"column":17}},"9":{"start":{"line":10,"column":0},"end":{"line":10,"column":33}},"10":{"start":{"line":11,"column":0},"end":{"line":11,"column":21}},"11":{"start":{"line":12,"column":0},"end":{"line":12,"column":2}},"12":{"start":{"line":13,"column":0},"end":{"line":13,"column":0}},"13":{"start":{"line":14,"column":0},"end":{"line":14,"column":49}},"14":{"start":{"line":15,"column":0},"end":{"line":15,"column":33}},"15":{"start":{"line":16,"column":0},"end":{"line":16,"column":2}},"16":{"start":{"line":17,"column":0},"end":{"line":17,"column":0}},"17":{"start":{"line":18,"column":0},"end":{"line":18,"column":31}},"18":{"start":{"line":19,"column":0},"end":{"line":19,"column":21}},"19":{"start":{"line":20,"column":0},"end":{"line":20,"column":2}},"20":{"start":{"line":21,"column":0},"end":{"line":21,"column":0}},"21":{"start":{"line":22,"column":0},"end":{"line":22,"column":9}},"22":{"start":{"line":23,"column":0},"end":{"line":23,"column":86}},"23":{"start":{"line":24,"column":0},"end":{"line":24,"column":2}},"24":{"start":{"line":25,"column":0},"end":{"line":25,"column":1}}},"s":{"0":1,"1":1,"2":1,"3":35,"4":35,"5":35,"6":35,"7":35,"8":35,"9":35,"10":35,"11":35,"12":35,"13":35,"14":5,"15":5,"16":35,"17":35,"18":1,"19":1,"20":35,"21":35,"22":9,"23":9,"24":35},"branchMap":{"0":{"type":"branch","line":3,"loc":{"start":{"line":3,"column":7},"end":{"line":25,"column":1}},"locations":[{"start":{"line":3,"column":7},"end":{"line":25,"column":1}}]},"1":{"type":"branch","line":8,"loc":{"start":{"line":8,"column":1},"end":{"line":12,"column":2}},"locations":[{"start":{"line":8,"column":1},"end":{"line":12,"column":2}}]},"2":{"type":"branch","line":14,"loc":{"start":{"line":14,"column":1},"end":{"line":16,"column":2}},"locations":[{"start":{"line":14,"column":1},"end":{"line":16,"column":2}}]},"3":{"type":"branch","line":18,"loc":{"start":{"line":18,"column":1},"end":{"line":20,"column":2}},"locations":[{"start":{"line":18,"column":1},"end":{"line":20,"column":2}}]},"4":{"type":"branch","line":22,"loc":{"start":{"line":22,"column":1},"end":{"line":24,"column":2}},"locations":[{"start":{"line":22,"column":1},"end":{"line":24,"column":2}}]}},"b":{"0":[35],"1":[35],"2":[5],"3":[1],"4":[9]},"fnMap":{"0":{"name":"<instance_members_initializer>","decl":{"start":{"line":3,"column":7},"end":{"line":25,"column":1}},"loc":{"start":{"line":3,"column":7},"end":{"line":25,"column":1}},"line":3},"1":{"name":"Fish","decl":{"start":{"line":8,"column":1},"end":{"line":12,"column":2}},"loc":{"start":{"line":8,"column":1},"end":{"line":12,"column":2}},"line":8},"2":{"name":"changeHungerLevel","decl":{"start":{"line":14,"column":1},"end":{"line":16,"column":2}},"loc":{"start":{"line":14,"column":1},"end":{"line":16,"column":2}},"line":14},"3":{"name":"changeIsIll","decl":{"start":{"line":18,"column":1},"end":{"line":20,"column":2}},"loc":{"start":{"line":18,"column":1},"end":{"line":20,"column":2}},"line":18},"4":{"name":"info","decl":{"start":{"line":22,"column":1},"end":{"line":24,"column":2}},"loc":{"start":{"line":22,"column":1},"end":{"line":24,"column":2}},"line":22}},"f":{"0":35,"1":35,"2":5,"3":1,"4":9}}
,"C:\\Users\\48792\\Desktop\\zadanie TS\\klasy\\src\\gupik\\gupik.ts": {"path":"C:\\Users\\48792\\Desktop\\zadanie TS\\klasy\\src\\gupik\\gupik.ts","all":false,"statementMap":{"0":{"start":{"line":1,"column":0},"end":{"line":1,"column":71}},"1":{"start":{"line":2,"column":0},"end":{"line":2,"column":36}},"2":{"start":{"line":3,"column":0},"end":{"line":3,"column":0}},"3":{"start":{"line":4,"column":0},"end":{"line":4,"column":33}},"4":{"start":{"line":5,"column":0},"end":{"line":5,"column":18}},"5":{"start":{"line":6,"column":0},"end":{"line":6,"column":13}},"6":{"start":{"line":7,"column":0},"end":{"line":7,"column":14}},"7":{"start":{"line":8,"column":0},"end":{"line":8,"column":30}},"8":{"start":{"line":9,"column":0},"end":{"line":9,"column":18}},"9":{"start":{"line":10,"column":0},"end":{"line":10,"column":18}},"10":{"start":{"line":11,"column":0},"end":{"line":11,"column":4}},"11":{"start":{"line":12,"column":0},"end":{"line":12,"column":33}},"12":{"start":{"line":13,"column":0},"end":{"line":13,"column":25}},"13":{"start":{"line":14,"column":0},"end":{"line":14,"column":2}},"14":{"start":{"line":15,"column":0},"end":{"line":15,"column":0}},"15":{"start":{"line":16,"column":0},"end":{"line":16,"column":18}},"16":{"start":{"line":17,"column":0},"end":{"line":17,"column":31}},"17":{"start":{"line":18,"column":0},"end":{"line":18,"column":2}},"18":{"start":{"line":19,"column":0},"end":{"line":19,"column":0}},"19":{"start":{"line":20,"column":0},"end":{"line":20,"column":9}},"20":{"start":{"line":21,"column":0},"end":{"line":21,"column":111}},"21":{"start":{"line":22,"column":0},"end":{"line":22,"column":2}},"22":{"start":{"line":23,"column":0},"end":{"line":23,"column":1}}},"s":{"0":1,"1":1,"2":1,"3":1,"4":5,"5":5,"6":5,"7":5,"8":5,"9":5,"10":5,"11":5,"12":5,"13":5,"14":5,"15":5,"16":2,"17":2,"18":5,"19":5,"20":5,"21":5,"22":5},"branchMap":{"0":{"type":"branch","line":4,"loc":{"start":{"line":4,"column":7},"end":{"line":23,"column":1}},"locations":[{"start":{"line":4,"column":7},"end":{"line":23,"column":1}}]},"1":{"type":"branch","line":6,"loc":{"start":{"line":6,"column":1},"end":{"line":14,"column":2}},"locations":[{"start":{"line":6,"column":1},"end":{"line":14,"column":2}}]},"2":{"type":"branch","line":16,"loc":{"start":{"line":16,"column":1},"end":{"line":18,"column":2}},"locations":[{"start":{"line":16,"column":1},"end":{"line":18,"column":2}}]},"3":{"type":"branch","line":20,"loc":{"start":{"line":20,"column":1},"end":{"line":22,"column":2}},"locations":[{"start":{"line":20,"column":1},"end":{"line":22,"column":2}}]}},"b":{"0":[5],"1":[5],"2":[2],"3":[5]},"fnMap":{"0":{"name":"<instance_members_initializer>","decl":{"start":{"line":4,"column":7},"end":{"line":23,"column":1}},"loc":{"start":{"line":4,"column":7},"end":{"line":23,"column":1}},"line":4},"1":{"name":"Gupik","decl":{"start":{"line":6,"column":1},"end":{"line":14,"column":2}},"loc":{"start":{"line":6,"column":1},"end":{"line":14,"column":2}},"line":6},"2":{"name":"changeIsSleep","decl":{"start":{"line":16,"column":1},"end":{"line":18,"column":2}},"loc":{"start":{"line":16,"column":1},"end":{"line":18,"column":2}},"line":16},"3":{"name":"info","decl":{"start":{"line":20,"column":1},"end":{"line":22,"column":2}},"loc":{"start":{"line":20,"column":1},"end":{"line":22,"column":2}},"line":20}},"f":{"0":5,"1":5,"2":2,"3":5}}
,"C:\\Users\\48792\\Desktop\\zadanie TS\\klasy\\src\\main\\main.ts": {"path":"C:\\Users\\48792\\Desktop\\zadanie TS\\klasy\\src\\main\\main.ts","all":true,"statementMap":{"0":{"start":{"line":1,"column":0},"end":{"line":1,"column":48}},"1":{"start":{"line":2,"column":0},"end":{"line":2,"column":36}},"2":{"start":{"line":3,"column":0},"end":{"line":3,"column":39}},"3":{"start":{"line":4,"column":0},"end":{"line":4,"column":42}},"4":{"start":{"line":5,"column":0},"end":{"line":5,"column":0}},"5":{"start":{"line":6,"column":0},"end":{"line":6,"column":43}},"6":{"start":{"line":7,"column":0},"end":{"line":7,"column":51}},"7":{"start":{"line":8,"column":0},"end":{"line":8,"column":52}},"8":{"start":{"line":9,"column":0},"end":{"line":9,"column":0}},"9":{"start":{"line":10,"column":0},"end":{"line":10,"column":57}},"10":{"start":{"line":11,"column":0},"end":{"line":11,"column":0}},"11":{"start":{"line":12,"column":0},"end":{"line":12,"column":17}},"12":{"start":{"line":13,"column":0},"end":{"line":13,"column":0}},"13":{"start":{"line":14,"column":0},"end":{"line":14,"column":19}},"14":{"start":{"line":15,"column":0},"end":{"line":15,"column":0}},"15":{"start":{"line":16,"column":0},"end":{"line":16,"column":17}}},"s":{"0":0,"1":0,"2":0,"3":0,"4":0,"5":0,"6":0,"7":0,"8":0,"9":0,"10":0,"11":0,"12":0,"13":0,"14":0,"15":0},"branchMap":{"0":{"type":"branch","line":1,"loc":{"start":{"line":1,"column":0},"end":{"line":16,"column":17}},"locations":[{"start":{"line":1,"column":0},"end":{"line":16,"column":17}}]}},"b":{"0":[0]},"fnMap":{"0":{"name":"(empty-report)","decl":{"start":{"line":1,"column":0},"end":{"line":16,"column":17}},"loc":{"start":{"line":1,"column":0},"end":{"line":16,"column":17}},"line":1}},"f":{"0":0}}
,"C:\\Users\\48792\\Desktop\\zadanie TS\\klasy\\src\\shrimp\\shrimp.ts": {"path":"C:\\Users\\48792\\Desktop\\zadanie TS\\klasy\\src\\shrimp\\shrimp.ts","all":false,"statementMap":{"0":{"start":{"line":1,"column":0},"end":{"line":1,"column":71}},"1":{"start":{"line":2,"column":0},"end":{"line":2,"column":36}},"2":{"start":{"line":3,"column":0},"end":{"line":3,"column":0}},"3":{"start":{"line":4,"column":0},"end":{"line":4,"column":34}},"4":{"start":{"line":5,"column":0},"end":{"line":5,"column":22}},"5":{"start":{"line":6,"column":0},"end":{"line":6,"column":13}},"6":{"start":{"line":7,"column":0},"end":{"line":7,"column":14}},"7":{"start":{"line":8,"column":0},"end":{"line":8,"column":30}},"8":{"start":{"line":9,"column":0},"end":{"line":9,"column":18}},"9":{"start":{"line":10,"column":0},"end":{"line":10,"column":22}},"10":{"start":{"line":11,"column":0},"end":{"line":11,"column":4}},"11":{"start":{"line":12,"column":0},"end":{"line":12,"column":33}},"12":{"start":{"line":13,"column":0},"end":{"line":13,"column":33}},"13":{"start":{"line":14,"column":0},"end":{"line":14,"column":2}},"14":{"start":{"line":15,"column":0},"end":{"line":15,"column":22}},"15":{"start":{"line":16,"column":0},"end":{"line":16,"column":39}},"16":{"start":{"line":17,"column":0},"end":{"line":17,"column":2}},"17":{"start":{"line":18,"column":0},"end":{"line":18,"column":0}},"18":{"start":{"line":19,"column":0},"end":{"line":19,"column":9}},"19":{"start":{"line":20,"column":0},"end":{"line":20,"column":119}},"20":{"start":{"line":21,"column":0},"end":{"line":21,"column":2}},"21":{"start":{"line":22,"column":0},"end":{"line":22,"column":1}}},"s":{"0":1,"1":1,"2":1,"3":1,"4":5,"5":5,"6":5,"7":5,"8":5,"9":5,"10":5,"11":5,"12":5,"13":5,"14":5,"15":2,"16":2,"17":5,"18":5,"19":5,"20":5,"21":5},"branchMap":{"0":{"type":"branch","line":4,"loc":{"start":{"line":4,"column":7},"end":{"line":22,"column":1}},"locations":[{"start":{"line":4,"column":7},"end":{"line":22,"column":1}}]},"1":{"type":"branch","line":6,"loc":{"start":{"line":6,"column":1},"end":{"line":14,"column":2}},"locations":[{"start":{"line":6,"column":1},"end":{"line":14,"column":2}}]},"2":{"type":"branch","line":15,"loc":{"start":{"line":15,"column":1},"end":{"line":17,"column":2}},"locations":[{"start":{"line":15,"column":1},"end":{"line":17,"column":2}}]},"3":{"type":"branch","line":19,"loc":{"start":{"line":19,"column":1},"end":{"line":21,"column":2}},"locations":[{"start":{"line":19,"column":1},"end":{"line":21,"column":2}}]}},"b":{"0":[5],"1":[5],"2":[2],"3":[5]},"fnMap":{"0":{"name":"<instance_members_initializer>","decl":{"start":{"line":4,"column":7},"end":{"line":22,"column":1}},"loc":{"start":{"line":4,"column":7},"end":{"line":22,"column":1}},"line":4},"1":{"name":"Shrimp","decl":{"start":{"line":6,"column":1},"end":{"line":14,"column":2}},"loc":{"start":{"line":6,"column":1},"end":{"line":14,"column":2}},"line":6},"2":{"name":"changeIsFiltering","decl":{"start":{"line":15,"column":1},"end":{"line":17,"column":2}},"loc":{"start":{"line":15,"column":1},"end":{"line":17,"column":2}},"line":15},"3":{"name":"info","decl":{"start":{"line":19,"column":1},"end":{"line":21,"column":2}},"loc":{"start":{"line":19,"column":1},"end":{"line":21,"column":2}},"line":19}},"f":{"0":5,"1":5,"2":2,"3":5}}
}
